<?xml version="1.0" encoding="UTF-8"?>
<!-- Generated by org.testng.reporters.JUnitReportReporter -->
<testsuite hostname="DESKTOP-TVUKR55" name="com.runner.RunCukeTest" tests="1" failures="0" timestamp="20 Mar 2018 08:58:55 GMT" time="201.164" errors="0">
  <testcase name="feature" time="201.164" classname="com.runner.RunCukeTest"/>
</testsuite> <!-- com.runner.RunCukeTest -->
